<?xml version="1.0" encoding="UTF-8"?>
<!-- Generated by org.testng.reporters.JUnitReportReporter -->
<testsuite hostname="IND-PUN-LAP-003" name="com.testng.demo.TestNgClass1" tests="1" failures="0" timestamp="16 Aug 2015 06:17:27 GMT" time="0.010" errors="0">
  <testcase name="testClass1Method2" time="0.010" classname="com.testng.demo.TestNgClass1"/>
</testsuite> <!-- com.testng.demo.TestNgClass1 -->
